0 info it worked if it ends with ok
1 verbose cli [ '/Users/meshachjackson/.nvm/v0.11.1/bin/node',
1 verbose cli   '/Users/meshachjackson/.nvm/v0.11.1/bin/npm',
1 verbose cli   'install' ]
2 info using npm@1.2.18
3 info using node@v0.11.1
4 verbose read json /Users/meshachjackson/cita/josi/package.json
5 verbose readDependencies using package.json deps
6 verbose install where, deps [ '/Users/meshachjackson/cita/josi',
6 verbose install   [ 'hubot',
6 verbose install     'hubot-scripts',
6 verbose install     'hubot-hipchat',
6 verbose install     'mkdirp',
6 verbose install     'mustache',
6 verbose install     'randpass',
6 verbose install     'mongodb',
6 verbose install     'node-codein',
6 verbose install     'josi-admin',
6 verbose install     'josi-memory',
6 verbose install     'josi-plan',
6 verbose install     'josi-speech' ] ]
7 verbose from cache /Users/meshachjackson/cita/josi/package.json
8 info preinstall hosted-hubot@2.5.1
9 verbose read json /Users/meshachjackson/cita/josi/node_modules/bang/package.json
10 verbose read json /Users/meshachjackson/cita/josi/node_modules/big-integer/package.json
11 verbose read json /Users/meshachjackson/cita/josi/node_modules/chai/package.json
12 verbose read json /Users/meshachjackson/cita/josi/node_modules/chai-as-promised/package.json
13 verbose read json /Users/meshachjackson/cita/josi/node_modules/cheerio/package.json
14 verbose read json /Users/meshachjackson/cita/josi/node_modules/date-utils/package.json
15 verbose read json /Users/meshachjackson/cita/josi/node_modules/githubot/package.json
16 verbose read json /Users/meshachjackson/cita/josi/node_modules/gitio/package.json
17 verbose read json /Users/meshachjackson/cita/josi/node_modules/htmlparser/package.json
18 verbose read json /Users/meshachjackson/cita/josi/node_modules/hubot/package.json
19 verbose read json /Users/meshachjackson/cita/josi/node_modules/hubot-cache/package.json
20 verbose read json /Users/meshachjackson/cita/josi/node_modules/hubot-hipchat/package.json
21 verbose read json /Users/meshachjackson/cita/josi/node_modules/hubot-scripts/package.json
22 verbose read json /Users/meshachjackson/cita/josi/node_modules/hubucket/package.json
23 verbose read json /Users/meshachjackson/cita/josi/node_modules/josi-admin/package.json
24 verbose read json /Users/meshachjackson/cita/josi/node_modules/josi-memory/package.json
25 verbose read json /Users/meshachjackson/cita/josi/node_modules/josi-plan/package.json
26 verbose read json /Users/meshachjackson/cita/josi/node_modules/josi-speech/package.json
27 verbose read json /Users/meshachjackson/cita/josi/node_modules/josi-team/package.json
28 verbose read json /Users/meshachjackson/cita/josi/node_modules/jsdom/package.json
29 verbose read json /Users/meshachjackson/cita/josi/node_modules/mkdirp/package.json
30 verbose read json /Users/meshachjackson/cita/josi/node_modules/mocha/package.json
31 verbose read json /Users/meshachjackson/cita/josi/node_modules/mongo/package.json
32 verbose read json /Users/meshachjackson/cita/josi/node_modules/mongodb/package.json
33 verbose read json /Users/meshachjackson/cita/josi/node_modules/mustache/package.json
34 verbose read json /Users/meshachjackson/cita/josi/node_modules/node-codebase/package.json
35 verbose read json /Users/meshachjackson/cita/josi/node_modules/node-codein/package.json
36 verbose read json /Users/meshachjackson/cita/josi/node_modules/randpass/package.json
37 verbose read json /Users/meshachjackson/cita/josi/node_modules/request/package.json
38 verbose read json /Users/meshachjackson/cita/josi/node_modules/scraper/package.json
39 verbose read json /Users/meshachjackson/cita/josi/node_modules/scribe-node/package.json
40 verbose read json /Users/meshachjackson/cita/josi/node_modules/shellwords/package.json
41 verbose read json /Users/meshachjackson/cita/josi/node_modules/soupselect/package.json
42 verbose read json /Users/meshachjackson/cita/josi/node_modules/textspark/package.json
43 verbose read json /Users/meshachjackson/cita/josi/node_modules/underscore/package.json
44 verbose read json /Users/meshachjackson/cita/josi/node_modules/underscore.string/package.json
45 verbose read json /Users/meshachjackson/cita/josi/node_modules/xml2js/package.json
46 warn package.json hubot-cache@0.0.1 No README.md file found!
47 verbose from cache /Users/meshachjackson/cita/josi/package.json
48 verbose readDependencies using package.json deps
49 verbose from cache /Users/meshachjackson/cita/josi/node_modules/bang/package.json
50 verbose from cache /Users/meshachjackson/cita/josi/node_modules/big-integer/package.json
51 verbose from cache /Users/meshachjackson/cita/josi/node_modules/chai/package.json
52 verbose from cache /Users/meshachjackson/cita/josi/node_modules/chai-as-promised/package.json
53 verbose from cache /Users/meshachjackson/cita/josi/node_modules/cheerio/package.json
54 verbose from cache /Users/meshachjackson/cita/josi/node_modules/date-utils/package.json
55 verbose from cache /Users/meshachjackson/cita/josi/node_modules/githubot/package.json
56 verbose from cache /Users/meshachjackson/cita/josi/node_modules/gitio/package.json
57 verbose from cache /Users/meshachjackson/cita/josi/node_modules/htmlparser/package.json
58 verbose from cache /Users/meshachjackson/cita/josi/node_modules/hubot/package.json
59 verbose from cache /Users/meshachjackson/cita/josi/node_modules/hubot-cache/package.json
60 verbose from cache /Users/meshachjackson/cita/josi/node_modules/hubot-hipchat/package.json
61 verbose from cache /Users/meshachjackson/cita/josi/node_modules/hubot-scripts/package.json
62 verbose from cache /Users/meshachjackson/cita/josi/node_modules/hubucket/package.json
63 verbose from cache /Users/meshachjackson/cita/josi/node_modules/josi-admin/package.json
64 verbose from cache /Users/meshachjackson/cita/josi/node_modules/josi-memory/package.json
65 verbose from cache /Users/meshachjackson/cita/josi/node_modules/josi-plan/package.json
66 verbose from cache /Users/meshachjackson/cita/josi/node_modules/josi-speech/package.json
67 verbose read json /Users/meshachjackson/cita/josi/node_modules/josi-team/package.json
68 verbose from cache /Users/meshachjackson/cita/josi/node_modules/jsdom/package.json
69 verbose from cache /Users/meshachjackson/cita/josi/node_modules/mkdirp/package.json
70 verbose from cache /Users/meshachjackson/cita/josi/node_modules/mocha/package.json
71 verbose from cache /Users/meshachjackson/cita/josi/node_modules/mongo/package.json
72 verbose from cache /Users/meshachjackson/cita/josi/node_modules/mongodb/package.json
73 verbose from cache /Users/meshachjackson/cita/josi/node_modules/mustache/package.json
74 verbose from cache /Users/meshachjackson/cita/josi/node_modules/node-codebase/package.json
75 verbose from cache /Users/meshachjackson/cita/josi/node_modules/node-codein/package.json
76 verbose from cache /Users/meshachjackson/cita/josi/node_modules/randpass/package.json
77 verbose from cache /Users/meshachjackson/cita/josi/node_modules/request/package.json
78 verbose from cache /Users/meshachjackson/cita/josi/node_modules/scraper/package.json
79 verbose from cache /Users/meshachjackson/cita/josi/node_modules/scribe-node/package.json
80 verbose from cache /Users/meshachjackson/cita/josi/node_modules/shellwords/package.json
81 verbose from cache /Users/meshachjackson/cita/josi/node_modules/soupselect/package.json
82 verbose from cache /Users/meshachjackson/cita/josi/node_modules/textspark/package.json
83 verbose from cache /Users/meshachjackson/cita/josi/node_modules/underscore/package.json
84 verbose from cache /Users/meshachjackson/cita/josi/node_modules/underscore.string/package.json
85 verbose from cache /Users/meshachjackson/cita/josi/node_modules/xml2js/package.json
86 verbose already installed skipping randpass@* /Users/meshachjackson/cita/josi
87 verbose already installed skipping mongodb@* /Users/meshachjackson/cita/josi
88 verbose cache add [ 'josi-admin@0.0.1', null ]
89 verbose cache add name=undefined spec="josi-admin@0.0.1" args=["josi-admin@0.0.1",null]
90 verbose parsed url { protocol: null,
90 verbose parsed url   slashes: null,
90 verbose parsed url   auth: null,
90 verbose parsed url   host: null,
90 verbose parsed url   port: null,
90 verbose parsed url   hostname: null,
90 verbose parsed url   hash: null,
90 verbose parsed url   search: null,
90 verbose parsed url   query: null,
90 verbose parsed url   pathname: 'josi-admin@0.0.1',
90 verbose parsed url   path: 'josi-admin@0.0.1',
90 verbose parsed url   href: 'josi-admin@0.0.1' }
91 verbose cache add name="josi-admin" spec="0.0.1" args=["josi-admin","0.0.1"]
92 verbose parsed url { protocol: null,
92 verbose parsed url   slashes: null,
92 verbose parsed url   auth: null,
92 verbose parsed url   host: null,
92 verbose parsed url   port: null,
92 verbose parsed url   hostname: null,
92 verbose parsed url   hash: null,
92 verbose parsed url   search: null,
92 verbose parsed url   query: null,
92 verbose parsed url   pathname: '0.0.1',
92 verbose parsed url   path: '0.0.1',
92 verbose parsed url   href: '0.0.1' }
93 verbose addNamed [ 'josi-admin', '0.0.1' ]
94 verbose addNamed [ '0.0.1', '0.0.1' ]
95 verbose already installed skipping node-codein@* /Users/meshachjackson/cita/josi
96 verbose cache add [ 'josi-memory@0.0.1', null ]
97 verbose cache add name=undefined spec="josi-memory@0.0.1" args=["josi-memory@0.0.1",null]
98 verbose parsed url { protocol: null,
98 verbose parsed url   slashes: null,
98 verbose parsed url   auth: null,
98 verbose parsed url   host: null,
98 verbose parsed url   port: null,
98 verbose parsed url   hostname: null,
98 verbose parsed url   hash: null,
98 verbose parsed url   search: null,
98 verbose parsed url   query: null,
98 verbose parsed url   pathname: 'josi-memory@0.0.1',
98 verbose parsed url   path: 'josi-memory@0.0.1',
98 verbose parsed url   href: 'josi-memory@0.0.1' }
99 verbose cache add name="josi-memory" spec="0.0.1" args=["josi-memory","0.0.1"]
100 verbose parsed url { protocol: null,
100 verbose parsed url   slashes: null,
100 verbose parsed url   auth: null,
100 verbose parsed url   host: null,
100 verbose parsed url   port: null,
100 verbose parsed url   hostname: null,
100 verbose parsed url   hash: null,
100 verbose parsed url   search: null,
100 verbose parsed url   query: null,
100 verbose parsed url   pathname: '0.0.1',
100 verbose parsed url   path: '0.0.1',
100 verbose parsed url   href: '0.0.1' }
101 verbose addNamed [ 'josi-memory', '0.0.1' ]
102 verbose addNamed [ '0.0.1', '0.0.1' ]
103 verbose cache add [ 'josi-plan@0.0.1', null ]
104 verbose cache add name=undefined spec="josi-plan@0.0.1" args=["josi-plan@0.0.1",null]
105 verbose parsed url { protocol: null,
105 verbose parsed url   slashes: null,
105 verbose parsed url   auth: null,
105 verbose parsed url   host: null,
105 verbose parsed url   port: null,
105 verbose parsed url   hostname: null,
105 verbose parsed url   hash: null,
105 verbose parsed url   search: null,
105 verbose parsed url   query: null,
105 verbose parsed url   pathname: 'josi-plan@0.0.1',
105 verbose parsed url   path: 'josi-plan@0.0.1',
105 verbose parsed url   href: 'josi-plan@0.0.1' }
106 verbose cache add name="josi-plan" spec="0.0.1" args=["josi-plan","0.0.1"]
107 verbose parsed url { protocol: null,
107 verbose parsed url   slashes: null,
107 verbose parsed url   auth: null,
107 verbose parsed url   host: null,
107 verbose parsed url   port: null,
107 verbose parsed url   hostname: null,
107 verbose parsed url   hash: null,
107 verbose parsed url   search: null,
107 verbose parsed url   query: null,
107 verbose parsed url   pathname: '0.0.1',
107 verbose parsed url   path: '0.0.1',
107 verbose parsed url   href: '0.0.1' }
108 verbose addNamed [ 'josi-plan', '0.0.1' ]
109 verbose addNamed [ '0.0.1', '0.0.1' ]
110 silly lockFile 4b3927ae-josi-admin-0-0-1 josi-admin@0.0.1
111 verbose lock josi-admin@0.0.1 /Users/meshachjackson/.npm/4b3927ae-josi-admin-0-0-1.lock
112 silly lockFile c4cf735b-josi-memory-0-0-1 josi-memory@0.0.1
113 verbose lock josi-memory@0.0.1 /Users/meshachjackson/.npm/c4cf735b-josi-memory-0-0-1.lock
114 verbose cache add [ 'josi-speech@0.0.1', null ]
115 verbose cache add name=undefined spec="josi-speech@0.0.1" args=["josi-speech@0.0.1",null]
116 verbose parsed url { protocol: null,
116 verbose parsed url   slashes: null,
116 verbose parsed url   auth: null,
116 verbose parsed url   host: null,
116 verbose parsed url   port: null,
116 verbose parsed url   hostname: null,
116 verbose parsed url   hash: null,
116 verbose parsed url   search: null,
116 verbose parsed url   query: null,
116 verbose parsed url   pathname: 'josi-speech@0.0.1',
116 verbose parsed url   path: 'josi-speech@0.0.1',
116 verbose parsed url   href: 'josi-speech@0.0.1' }
117 verbose cache add name="josi-speech" spec="0.0.1" args=["josi-speech","0.0.1"]
118 verbose parsed url { protocol: null,
118 verbose parsed url   slashes: null,
118 verbose parsed url   auth: null,
118 verbose parsed url   host: null,
118 verbose parsed url   port: null,
118 verbose parsed url   hostname: null,
118 verbose parsed url   hash: null,
118 verbose parsed url   search: null,
118 verbose parsed url   query: null,
118 verbose parsed url   pathname: '0.0.1',
118 verbose parsed url   path: '0.0.1',
118 verbose parsed url   href: '0.0.1' }
119 verbose addNamed [ 'josi-speech', '0.0.1' ]
120 verbose addNamed [ '0.0.1', '0.0.1' ]
121 silly lockFile e14522f5-josi-speech-0-0-1 josi-speech@0.0.1
122 verbose lock josi-speech@0.0.1 /Users/meshachjackson/.npm/e14522f5-josi-speech-0-0-1.lock
123 silly lockFile 1fb8def0-josi-plan-0-0-1 josi-plan@0.0.1
124 verbose lock josi-plan@0.0.1 /Users/meshachjackson/.npm/1fb8def0-josi-plan-0-0-1.lock
125 verbose url raw josi-admin/0.0.1
126 verbose url resolving [ 'https://registry.npmjs.org/', './josi-admin/0.0.1' ]
127 verbose url resolved https://registry.npmjs.org/josi-admin/0.0.1
128 info trying registry request attempt 1 at 19:03:16
129 http GET https://registry.npmjs.org/josi-admin/0.0.1
130 verbose url raw josi-memory/0.0.1
131 verbose url resolving [ 'https://registry.npmjs.org/', './josi-memory/0.0.1' ]
132 verbose url resolved https://registry.npmjs.org/josi-memory/0.0.1
133 info trying registry request attempt 1 at 19:03:16
134 http GET https://registry.npmjs.org/josi-memory/0.0.1
135 verbose already installed skipping hubot-hipchat@~2.5.1-1 /Users/meshachjackson/cita/josi
136 verbose already installed skipping hubot@>= 2.5.1 /Users/meshachjackson/cita/josi
137 verbose already installed skipping hubot-scripts@>= 2.4.3 /Users/meshachjackson/cita/josi
138 verbose already installed skipping mkdirp@* /Users/meshachjackson/cita/josi
139 verbose already installed skipping mustache@* /Users/meshachjackson/cita/josi
140 verbose url raw josi-speech/0.0.1
141 verbose url resolving [ 'https://registry.npmjs.org/', './josi-speech/0.0.1' ]
142 verbose url resolved https://registry.npmjs.org/josi-speech/0.0.1
143 info trying registry request attempt 1 at 19:03:16
144 http GET https://registry.npmjs.org/josi-speech/0.0.1
145 verbose url raw josi-plan/0.0.1
146 verbose url resolving [ 'https://registry.npmjs.org/', './josi-plan/0.0.1' ]
147 verbose url resolved https://registry.npmjs.org/josi-plan/0.0.1
148 info trying registry request attempt 1 at 19:03:16
149 http GET https://registry.npmjs.org/josi-plan/0.0.1
150 http 200 https://registry.npmjs.org/josi-plan/0.0.1
151 silly registry.get cb [ 200,
151 silly registry.get   { vary: 'Accept',
151 silly registry.get     server: 'CouchDB/1.3.1 (Erlang OTP/R15B03)',
151 silly registry.get     etag: '"E6JUDF5WTEN56HO0394532TNJ"',
151 silly registry.get     date: 'Sat, 07 Sep 2013 02:03:14 GMT',
151 silly registry.get     'content-type': 'application/json',
151 silly registry.get     'content-length': '1177' } ]
152 silly lockFile cfceae5b-rg-josi-plan-josi-plan-0-0-1-tgz https://registry.npmjs.org/josi-plan/-/josi-plan-0.0.1.tgz
153 verbose lock https://registry.npmjs.org/josi-plan/-/josi-plan-0.0.1.tgz /Users/meshachjackson/.npm/cfceae5b-rg-josi-plan-josi-plan-0-0-1-tgz.lock
154 verbose addRemoteTarball [ 'https://registry.npmjs.org/josi-plan/-/josi-plan-0.0.1.tgz',
154 verbose addRemoteTarball   'f98f4feeb8b814b9a8ef9a11252b99a27954f421' ]
155 info retry fetch attempt 1 at 19:03:17
156 verbose fetch to= /var/folders/mw/6q6t51td66n007xq7shjy15r0000gn/T/npm-36517/1378519397117-0.8762492351233959/tmp.tgz
157 http GET https://registry.npmjs.org/josi-plan/-/josi-plan-0.0.1.tgz
158 http 200 https://registry.npmjs.org/josi-admin/0.0.1
159 silly registry.get cb [ 200,
159 silly registry.get   { vary: 'Accept',
159 silly registry.get     server: 'CouchDB/1.3.1 (Erlang OTP/R15B03)',
159 silly registry.get     etag: '"21G7WUHSVKD9XHN6NWMATKGTS"',
159 silly registry.get     date: 'Sat, 07 Sep 2013 02:03:14 GMT',
159 silly registry.get     'content-type': 'application/json',
159 silly registry.get     'content-length': '1311' } ]
160 silly lockFile bd47f876--josi-admin-josi-admin-0-0-1-tgz https://registry.npmjs.org/josi-admin/-/josi-admin-0.0.1.tgz
161 verbose lock https://registry.npmjs.org/josi-admin/-/josi-admin-0.0.1.tgz /Users/meshachjackson/.npm/bd47f876--josi-admin-josi-admin-0-0-1-tgz.lock
162 verbose addRemoteTarball [ 'https://registry.npmjs.org/josi-admin/-/josi-admin-0.0.1.tgz',
162 verbose addRemoteTarball   'febd97ff867dae19916859b2008b1f93a47e3cb6' ]
163 info retry fetch attempt 1 at 19:03:17
164 verbose fetch to= /var/folders/mw/6q6t51td66n007xq7shjy15r0000gn/T/npm-36517/1378519397144-0.7561876075342298/tmp.tgz
165 http GET https://registry.npmjs.org/josi-admin/-/josi-admin-0.0.1.tgz
166 http 200 https://registry.npmjs.org/josi-speech/0.0.1
167 silly registry.get cb [ 200,
167 silly registry.get   { vary: 'Accept',
167 silly registry.get     server: 'CouchDB/1.3.1 (Erlang OTP/R15B03)',
167 silly registry.get     etag: '"2Q2G43CCJ20GFXTBA5COWZQQ4"',
167 silly registry.get     date: 'Sat, 07 Sep 2013 02:03:14 GMT',
167 silly registry.get     'content-type': 'application/json',
167 silly registry.get     'content-length': '1456' } ]
168 silly lockFile d2d34821-osi-speech-josi-speech-0-0-1-tgz https://registry.npmjs.org/josi-speech/-/josi-speech-0.0.1.tgz
169 verbose lock https://registry.npmjs.org/josi-speech/-/josi-speech-0.0.1.tgz /Users/meshachjackson/.npm/d2d34821-osi-speech-josi-speech-0-0-1-tgz.lock
170 verbose addRemoteTarball [ 'https://registry.npmjs.org/josi-speech/-/josi-speech-0.0.1.tgz',
170 verbose addRemoteTarball   '1f5b92d6e052f6650725ddc7a5e05b4253a4f080' ]
171 info retry fetch attempt 1 at 19:03:17
172 verbose fetch to= /var/folders/mw/6q6t51td66n007xq7shjy15r0000gn/T/npm-36517/1378519397159-0.33156052650883794/tmp.tgz
173 http GET https://registry.npmjs.org/josi-speech/-/josi-speech-0.0.1.tgz
174 http 200 https://registry.npmjs.org/josi-memory/0.0.1
175 silly registry.get cb [ 200,
175 silly registry.get   { vary: 'Accept',
175 silly registry.get     server: 'CouchDB/1.3.1 (Erlang OTP/R15B03)',
175 silly registry.get     etag: '"32RGXPAVKJLSKY23HRNT0B5PK"',
175 silly registry.get     date: 'Sat, 07 Sep 2013 02:03:14 GMT',
175 silly registry.get     'content-type': 'application/json',
175 silly registry.get     'content-length': '1368' } ]
176 silly lockFile 00886571-osi-memory-josi-memory-0-0-1-tgz https://registry.npmjs.org/josi-memory/-/josi-memory-0.0.1.tgz
177 verbose lock https://registry.npmjs.org/josi-memory/-/josi-memory-0.0.1.tgz /Users/meshachjackson/.npm/00886571-osi-memory-josi-memory-0-0-1-tgz.lock
178 verbose addRemoteTarball [ 'https://registry.npmjs.org/josi-memory/-/josi-memory-0.0.1.tgz',
178 verbose addRemoteTarball   'c3e87b886248ebb14ea837703b119a40db35cdaa' ]
179 info retry fetch attempt 1 at 19:03:17
180 verbose fetch to= /var/folders/mw/6q6t51td66n007xq7shjy15r0000gn/T/npm-36517/1378519397166-0.33936499268747866/tmp.tgz
181 http GET https://registry.npmjs.org/josi-memory/-/josi-memory-0.0.1.tgz
182 http 200 https://registry.npmjs.org/josi-plan/-/josi-plan-0.0.1.tgz
183 http 200 https://registry.npmjs.org/josi-admin/-/josi-admin-0.0.1.tgz
184 http 200 https://registry.npmjs.org/josi-memory/-/josi-memory-0.0.1.tgz
185 http 200 https://registry.npmjs.org/josi-speech/-/josi-speech-0.0.1.tgz
186 silly shasum updated bytes 2692
187 info shasum f98f4feeb8b814b9a8ef9a11252b99a27954f421
187 info shasum /var/folders/mw/6q6t51td66n007xq7shjy15r0000gn/T/npm-36517/1378519397117-0.8762492351233959/tmp.tgz
188 verbose tar unpack /var/folders/mw/6q6t51td66n007xq7shjy15r0000gn/T/npm-36517/1378519397117-0.8762492351233959/tmp.tgz
189 silly lockFile fd2f925c-97117-0-8762492351233959-package /var/folders/mw/6q6t51td66n007xq7shjy15r0000gn/T/npm-36517/1378519397117-0.8762492351233959/package
190 verbose lock /var/folders/mw/6q6t51td66n007xq7shjy15r0000gn/T/npm-36517/1378519397117-0.8762492351233959/package /Users/meshachjackson/.npm/fd2f925c-97117-0-8762492351233959-package.lock
191 silly lockFile 0f5d5345-97117-0-8762492351233959-tmp-tgz /var/folders/mw/6q6t51td66n007xq7shjy15r0000gn/T/npm-36517/1378519397117-0.8762492351233959/tmp.tgz
192 verbose lock /var/folders/mw/6q6t51td66n007xq7shjy15r0000gn/T/npm-36517/1378519397117-0.8762492351233959/tmp.tgz /Users/meshachjackson/.npm/0f5d5345-97117-0-8762492351233959-tmp-tgz.lock
193 silly gunzTarPerm modes [ '755', '644' ]
194 silly gunzTarPerm extractEntry package.json
195 silly shasum updated bytes 3249
196 info shasum febd97ff867dae19916859b2008b1f93a47e3cb6
196 info shasum /var/folders/mw/6q6t51td66n007xq7shjy15r0000gn/T/npm-36517/1378519397144-0.7561876075342298/tmp.tgz
197 verbose tar unpack /var/folders/mw/6q6t51td66n007xq7shjy15r0000gn/T/npm-36517/1378519397144-0.7561876075342298/tmp.tgz
198 silly lockFile b8e9f231-97144-0-7561876075342298-package /var/folders/mw/6q6t51td66n007xq7shjy15r0000gn/T/npm-36517/1378519397144-0.7561876075342298/package
199 verbose lock /var/folders/mw/6q6t51td66n007xq7shjy15r0000gn/T/npm-36517/1378519397144-0.7561876075342298/package /Users/meshachjackson/.npm/b8e9f231-97144-0-7561876075342298-package.lock
200 silly lockFile cd31e30c-97144-0-7561876075342298-tmp-tgz /var/folders/mw/6q6t51td66n007xq7shjy15r0000gn/T/npm-36517/1378519397144-0.7561876075342298/tmp.tgz
201 verbose lock /var/folders/mw/6q6t51td66n007xq7shjy15r0000gn/T/npm-36517/1378519397144-0.7561876075342298/tmp.tgz /Users/meshachjackson/.npm/cd31e30c-97144-0-7561876075342298-tmp-tgz.lock
202 silly gunzTarPerm extractEntry README.md
203 silly gunzTarPerm extractEntry LICENSE
204 silly gunzTarPerm modes [ '755', '644' ]
205 silly gunzTarPerm extractEntry package.json
206 silly gunzTarPerm extractEntry .travis.yml
207 silly gunzTarPerm extractEntry index.coffee
208 silly gunzTarPerm extractEntry README.md
209 silly gunzTarPerm extractEntry LICENSE
210 silly gunzTarPerm extractEntry script/bootstrap
211 silly gunzTarPerm extractEntry script/test
212 silly gunzTarPerm extractEntry .travis.yml
213 silly gunzTarPerm extractEntry index.coffee
214 silly gunzTarPerm extractEntry src/hello-world.coffee
215 silly gunzTarPerm extractEntry src/working-on.coffee
216 silly gunzTarPerm extractEntry script/bootstrap
217 silly gunzTarPerm extractEntry script/test
218 silly gunzTarPerm extractEntry test/hello-world_test.coffee
219 silly gunzTarPerm extractEntry src/hello-world.coffee
220 silly gunzTarPerm extractEntry src/help.coffee
221 silly gunzTarPerm extractEntry src/upgrade.coffee
222 silly gunzTarPerm extractEntry test/hello-world_test.coffee
223 verbose read json /var/folders/mw/6q6t51td66n007xq7shjy15r0000gn/T/npm-36517/1378519397117-0.8762492351233959/package/package.json
224 silly lockFile fd2f925c-97117-0-8762492351233959-package /var/folders/mw/6q6t51td66n007xq7shjy15r0000gn/T/npm-36517/1378519397117-0.8762492351233959/package
225 silly lockFile fd2f925c-97117-0-8762492351233959-package /var/folders/mw/6q6t51td66n007xq7shjy15r0000gn/T/npm-36517/1378519397117-0.8762492351233959/package
226 silly lockFile 0f5d5345-97117-0-8762492351233959-tmp-tgz /var/folders/mw/6q6t51td66n007xq7shjy15r0000gn/T/npm-36517/1378519397117-0.8762492351233959/tmp.tgz
227 silly lockFile 0f5d5345-97117-0-8762492351233959-tmp-tgz /var/folders/mw/6q6t51td66n007xq7shjy15r0000gn/T/npm-36517/1378519397117-0.8762492351233959/tmp.tgz
228 verbose from cache /var/folders/mw/6q6t51td66n007xq7shjy15r0000gn/T/npm-36517/1378519397117-0.8762492351233959/package/package.json
229 verbose tar pack [ '/Users/meshachjackson/.npm/josi-plan/0.0.1/package.tgz',
229 verbose tar pack   '/var/folders/mw/6q6t51td66n007xq7shjy15r0000gn/T/npm-36517/1378519397117-0.8762492351233959/package' ]
230 verbose tarball /Users/meshachjackson/.npm/josi-plan/0.0.1/package.tgz
231 verbose folder /var/folders/mw/6q6t51td66n007xq7shjy15r0000gn/T/npm-36517/1378519397117-0.8762492351233959/package
232 silly lockFile fd2f925c-97117-0-8762492351233959-package /var/folders/mw/6q6t51td66n007xq7shjy15r0000gn/T/npm-36517/1378519397117-0.8762492351233959/package
233 verbose lock /var/folders/mw/6q6t51td66n007xq7shjy15r0000gn/T/npm-36517/1378519397117-0.8762492351233959/package /Users/meshachjackson/.npm/fd2f925c-97117-0-8762492351233959-package.lock
234 silly lockFile 2dab1e2f--npm-josi-plan-0-0-1-package-tgz /Users/meshachjackson/.npm/josi-plan/0.0.1/package.tgz
235 verbose lock /Users/meshachjackson/.npm/josi-plan/0.0.1/package.tgz /Users/meshachjackson/.npm/2dab1e2f--npm-josi-plan-0-0-1-package-tgz.lock
236 silly shasum updated bytes 4570
237 info shasum c3e87b886248ebb14ea837703b119a40db35cdaa
237 info shasum /var/folders/mw/6q6t51td66n007xq7shjy15r0000gn/T/npm-36517/1378519397166-0.33936499268747866/tmp.tgz
238 verbose tar unpack /var/folders/mw/6q6t51td66n007xq7shjy15r0000gn/T/npm-36517/1378519397166-0.33936499268747866/tmp.tgz
239 silly lockFile b4eb86ef-7166-0-33936499268747866-package /var/folders/mw/6q6t51td66n007xq7shjy15r0000gn/T/npm-36517/1378519397166-0.33936499268747866/package
240 verbose lock /var/folders/mw/6q6t51td66n007xq7shjy15r0000gn/T/npm-36517/1378519397166-0.33936499268747866/package /Users/meshachjackson/.npm/b4eb86ef-7166-0-33936499268747866-package.lock
241 silly lockFile d99fea2b-7166-0-33936499268747866-tmp-tgz /var/folders/mw/6q6t51td66n007xq7shjy15r0000gn/T/npm-36517/1378519397166-0.33936499268747866/tmp.tgz
242 verbose lock /var/folders/mw/6q6t51td66n007xq7shjy15r0000gn/T/npm-36517/1378519397166-0.33936499268747866/tmp.tgz /Users/meshachjackson/.npm/d99fea2b-7166-0-33936499268747866-tmp-tgz.lock
243 silly gunzTarPerm modes [ '755', '644' ]
244 silly gunzTarPerm extractEntry package.json
245 verbose read json /var/folders/mw/6q6t51td66n007xq7shjy15r0000gn/T/npm-36517/1378519397144-0.7561876075342298/package/package.json
246 silly gunzTarPerm extractEntry README.md
247 silly gunzTarPerm extractEntry LICENSE
248 silly lockFile b8e9f231-97144-0-7561876075342298-package /var/folders/mw/6q6t51td66n007xq7shjy15r0000gn/T/npm-36517/1378519397144-0.7561876075342298/package
249 silly lockFile b8e9f231-97144-0-7561876075342298-package /var/folders/mw/6q6t51td66n007xq7shjy15r0000gn/T/npm-36517/1378519397144-0.7561876075342298/package
250 silly lockFile cd31e30c-97144-0-7561876075342298-tmp-tgz /var/folders/mw/6q6t51td66n007xq7shjy15r0000gn/T/npm-36517/1378519397144-0.7561876075342298/tmp.tgz
251 silly lockFile cd31e30c-97144-0-7561876075342298-tmp-tgz /var/folders/mw/6q6t51td66n007xq7shjy15r0000gn/T/npm-36517/1378519397144-0.7561876075342298/tmp.tgz
252 silly shasum updated bytes 8544
253 verbose from cache /var/folders/mw/6q6t51td66n007xq7shjy15r0000gn/T/npm-36517/1378519397144-0.7561876075342298/package/package.json
254 info shasum 1f5b92d6e052f6650725ddc7a5e05b4253a4f080
254 info shasum /var/folders/mw/6q6t51td66n007xq7shjy15r0000gn/T/npm-36517/1378519397159-0.33156052650883794/tmp.tgz
255 verbose tar unpack /var/folders/mw/6q6t51td66n007xq7shjy15r0000gn/T/npm-36517/1378519397159-0.33156052650883794/tmp.tgz
256 silly lockFile 67328bf3-7159-0-33156052650883794-package /var/folders/mw/6q6t51td66n007xq7shjy15r0000gn/T/npm-36517/1378519397159-0.33156052650883794/package
257 verbose lock /var/folders/mw/6q6t51td66n007xq7shjy15r0000gn/T/npm-36517/1378519397159-0.33156052650883794/package /Users/meshachjackson/.npm/67328bf3-7159-0-33156052650883794-package.lock
258 silly lockFile a2c7bf04-7159-0-33156052650883794-tmp-tgz /var/folders/mw/6q6t51td66n007xq7shjy15r0000gn/T/npm-36517/1378519397159-0.33156052650883794/tmp.tgz
259 verbose lock /var/folders/mw/6q6t51td66n007xq7shjy15r0000gn/T/npm-36517/1378519397159-0.33156052650883794/tmp.tgz /Users/meshachjackson/.npm/a2c7bf04-7159-0-33156052650883794-tmp-tgz.lock
260 verbose tar pack [ '/Users/meshachjackson/.npm/josi-admin/0.0.1/package.tgz',
260 verbose tar pack   '/var/folders/mw/6q6t51td66n007xq7shjy15r0000gn/T/npm-36517/1378519397144-0.7561876075342298/package' ]
261 verbose tarball /Users/meshachjackson/.npm/josi-admin/0.0.1/package.tgz
262 verbose folder /var/folders/mw/6q6t51td66n007xq7shjy15r0000gn/T/npm-36517/1378519397144-0.7561876075342298/package
263 silly lockFile b8e9f231-97144-0-7561876075342298-package /var/folders/mw/6q6t51td66n007xq7shjy15r0000gn/T/npm-36517/1378519397144-0.7561876075342298/package
264 verbose lock /var/folders/mw/6q6t51td66n007xq7shjy15r0000gn/T/npm-36517/1378519397144-0.7561876075342298/package /Users/meshachjackson/.npm/b8e9f231-97144-0-7561876075342298-package.lock
265 silly lockFile 1070e53a-npm-josi-admin-0-0-1-package-tgz /Users/meshachjackson/.npm/josi-admin/0.0.1/package.tgz
266 verbose lock /Users/meshachjackson/.npm/josi-admin/0.0.1/package.tgz /Users/meshachjackson/.npm/1070e53a-npm-josi-admin-0-0-1-package-tgz.lock
267 silly gunzTarPerm modes [ '755', '644' ]
268 silly gunzTarPerm extractEntry .travis.yml
269 silly gunzTarPerm extractEntry index.coffee
270 silly gunzTarPerm extractEntry package.json
271 silly gunzTarPerm extractEntry script/bootstrap
272 silly gunzTarPerm extractEntry script/test
273 silly gunzTarPerm extractEntry README.md
274 silly gunzTarPerm extractEntry LICENSE
275 silly gunzTarPerm extractEntry src/hello-world.coffee
276 silly gunzTarPerm extractEntry src/mongo-brain.coffee
277 silly gunzTarPerm extractEntry .travis.yml
278 silly gunzTarPerm extractEntry index.coffee
279 silly gunzTarPerm extractEntry src/mongolab-brain.coffee
280 silly gunzTarPerm extractEntry src/responder.coffee
281 silly gunzTarPerm extractEntry script/bootstrap
282 silly gunzTarPerm extractEntry script/test
283 silly gunzTarPerm extractEntry src/storage.coffee
284 silly gunzTarPerm extractEntry src/polite.coffee
285 silly gunzTarPerm extractEntry src/announce.coffee
286 silly gunzTarPerm extractEntry test/hello-world_test.coffee
287 silly gunzTarPerm extractEntry src/cheer.coffee
288 silly gunzTarPerm extractEntry src/conversation.coffee
289 silly lockFile fd2f925c-97117-0-8762492351233959-package /var/folders/mw/6q6t51td66n007xq7shjy15r0000gn/T/npm-36517/1378519397117-0.8762492351233959/package
290 silly lockFile fd2f925c-97117-0-8762492351233959-package /var/folders/mw/6q6t51td66n007xq7shjy15r0000gn/T/npm-36517/1378519397117-0.8762492351233959/package
291 silly lockFile 2dab1e2f--npm-josi-plan-0-0-1-package-tgz /Users/meshachjackson/.npm/josi-plan/0.0.1/package.tgz
292 silly lockFile 2dab1e2f--npm-josi-plan-0-0-1-package-tgz /Users/meshachjackson/.npm/josi-plan/0.0.1/package.tgz
293 silly gunzTarPerm extractEntry src/josi-speech.coffee
294 silly lockFile 3263bc36-kson-npm-josi-plan-0-0-1-package /Users/meshachjackson/.npm/josi-plan/0.0.1/package
295 verbose lock /Users/meshachjackson/.npm/josi-plan/0.0.1/package /Users/meshachjackson/.npm/3263bc36-kson-npm-josi-plan-0-0-1-package.lock
296 silly gunzTarPerm extractEntry src/knock-knock.coffee
297 silly gunzTarPerm extractEntry src/chat.coffee
298 silly lockFile 3263bc36-kson-npm-josi-plan-0-0-1-package /Users/meshachjackson/.npm/josi-plan/0.0.1/package
299 silly lockFile 3263bc36-kson-npm-josi-plan-0-0-1-package /Users/meshachjackson/.npm/josi-plan/0.0.1/package
300 verbose tar unpack /Users/meshachjackson/.npm/josi-plan/0.0.1/package.tgz
301 silly lockFile 3263bc36-kson-npm-josi-plan-0-0-1-package /Users/meshachjackson/.npm/josi-plan/0.0.1/package
302 verbose lock /Users/meshachjackson/.npm/josi-plan/0.0.1/package /Users/meshachjackson/.npm/3263bc36-kson-npm-josi-plan-0-0-1-package.lock
303 silly lockFile 2dab1e2f--npm-josi-plan-0-0-1-package-tgz /Users/meshachjackson/.npm/josi-plan/0.0.1/package.tgz
304 verbose lock /Users/meshachjackson/.npm/josi-plan/0.0.1/package.tgz /Users/meshachjackson/.npm/2dab1e2f--npm-josi-plan-0-0-1-package-tgz.lock
305 silly gunzTarPerm modes [ '755', '644' ]
306 silly gunzTarPerm extractEntry src/quote.coffee
307 silly gunzTarPerm extractEntry src/reddit-jokes.coffee
308 silly gunzTarPerm extractEntry package.json
309 silly gunzTarPerm extractEntry README.md
310 silly gunzTarPerm extractEntry LICENSE
311 silly lockFile b8e9f231-97144-0-7561876075342298-package /var/folders/mw/6q6t51td66n007xq7shjy15r0000gn/T/npm-36517/1378519397144-0.7561876075342298/package
312 silly lockFile b8e9f231-97144-0-7561876075342298-package /var/folders/mw/6q6t51td66n007xq7shjy15r0000gn/T/npm-36517/1378519397144-0.7561876075342298/package
313 silly gunzTarPerm extractEntry src/talkative.coffee
314 silly gunzTarPerm extractEntry src/tell.coffee
315 silly lockFile 1070e53a-npm-josi-admin-0-0-1-package-tgz /Users/meshachjackson/.npm/josi-admin/0.0.1/package.tgz
316 silly lockFile 1070e53a-npm-josi-admin-0-0-1-package-tgz /Users/meshachjackson/.npm/josi-admin/0.0.1/package.tgz
317 silly lockFile d04a08ee-son-npm-josi-admin-0-0-1-package /Users/meshachjackson/.npm/josi-admin/0.0.1/package
318 verbose lock /Users/meshachjackson/.npm/josi-admin/0.0.1/package /Users/meshachjackson/.npm/d04a08ee-son-npm-josi-admin-0-0-1-package.lock
319 silly gunzTarPerm extractEntry .travis.yml
320 silly gunzTarPerm extractEntry index.coffee
321 silly gunzTarPerm extractEntry src/translate.coffee
322 silly gunzTarPerm extractEntry test/josi-speech_test.coffee
323 silly gunzTarPerm extractEntry script/bootstrap
324 silly gunzTarPerm extractEntry script/test
325 silly lockFile d04a08ee-son-npm-josi-admin-0-0-1-package /Users/meshachjackson/.npm/josi-admin/0.0.1/package
326 silly lockFile d04a08ee-son-npm-josi-admin-0-0-1-package /Users/meshachjackson/.npm/josi-admin/0.0.1/package
327 verbose tar unpack /Users/meshachjackson/.npm/josi-admin/0.0.1/package.tgz
328 silly lockFile d04a08ee-son-npm-josi-admin-0-0-1-package /Users/meshachjackson/.npm/josi-admin/0.0.1/package
329 verbose lock /Users/meshachjackson/.npm/josi-admin/0.0.1/package /Users/meshachjackson/.npm/d04a08ee-son-npm-josi-admin-0-0-1-package.lock
330 silly lockFile 1070e53a-npm-josi-admin-0-0-1-package-tgz /Users/meshachjackson/.npm/josi-admin/0.0.1/package.tgz
331 verbose lock /Users/meshachjackson/.npm/josi-admin/0.0.1/package.tgz /Users/meshachjackson/.npm/1070e53a-npm-josi-admin-0-0-1-package-tgz.lock
332 silly gunzTarPerm modes [ '755', '644' ]
333 silly gunzTarPerm extractEntry src/hello-world.coffee
334 silly gunzTarPerm extractEntry src/working-on.coffee
335 verbose read json /var/folders/mw/6q6t51td66n007xq7shjy15r0000gn/T/npm-36517/1378519397166-0.33936499268747866/package/package.json
336 silly gunzTarPerm extractEntry package.json
337 silly gunzTarPerm extractEntry README.md
338 silly gunzTarPerm extractEntry LICENSE
339 silly lockFile b4eb86ef-7166-0-33936499268747866-package /var/folders/mw/6q6t51td66n007xq7shjy15r0000gn/T/npm-36517/1378519397166-0.33936499268747866/package
340 silly lockFile b4eb86ef-7166-0-33936499268747866-package /var/folders/mw/6q6t51td66n007xq7shjy15r0000gn/T/npm-36517/1378519397166-0.33936499268747866/package
341 silly gunzTarPerm extractEntry test/hello-world_test.coffee
342 silly lockFile d99fea2b-7166-0-33936499268747866-tmp-tgz /var/folders/mw/6q6t51td66n007xq7shjy15r0000gn/T/npm-36517/1378519397166-0.33936499268747866/tmp.tgz
343 silly lockFile d99fea2b-7166-0-33936499268747866-tmp-tgz /var/folders/mw/6q6t51td66n007xq7shjy15r0000gn/T/npm-36517/1378519397166-0.33936499268747866/tmp.tgz
344 verbose from cache /var/folders/mw/6q6t51td66n007xq7shjy15r0000gn/T/npm-36517/1378519397166-0.33936499268747866/package/package.json
345 verbose tar pack [ '/Users/meshachjackson/.npm/josi-memory/0.0.1/package.tgz',
345 verbose tar pack   '/var/folders/mw/6q6t51td66n007xq7shjy15r0000gn/T/npm-36517/1378519397166-0.33936499268747866/package' ]
346 verbose tarball /Users/meshachjackson/.npm/josi-memory/0.0.1/package.tgz
347 verbose folder /var/folders/mw/6q6t51td66n007xq7shjy15r0000gn/T/npm-36517/1378519397166-0.33936499268747866/package
348 silly lockFile b4eb86ef-7166-0-33936499268747866-package /var/folders/mw/6q6t51td66n007xq7shjy15r0000gn/T/npm-36517/1378519397166-0.33936499268747866/package
349 verbose lock /var/folders/mw/6q6t51td66n007xq7shjy15r0000gn/T/npm-36517/1378519397166-0.33936499268747866/package /Users/meshachjackson/.npm/b4eb86ef-7166-0-33936499268747866-package.lock
350 silly lockFile c7170cb5-pm-josi-memory-0-0-1-package-tgz /Users/meshachjackson/.npm/josi-memory/0.0.1/package.tgz
351 verbose lock /Users/meshachjackson/.npm/josi-memory/0.0.1/package.tgz /Users/meshachjackson/.npm/c7170cb5-pm-josi-memory-0-0-1-package-tgz.lock
352 silly gunzTarPerm extractEntry .travis.yml
353 silly gunzTarPerm extractEntry index.coffee
354 silly gunzTarPerm extractEntry script/bootstrap
355 silly gunzTarPerm extractEntry script/test
356 silly gunzTarPerm extractEntry src/hello-world.coffee
357 silly gunzTarPerm extractEntry src/help.coffee
358 silly gunzTarPerm extractEntry src/upgrade.coffee
359 silly gunzTarPerm extractEntry test/hello-world_test.coffee
360 verbose read json /Users/meshachjackson/.npm/josi-plan/0.0.1/package/package.json
361 silly lockFile 3263bc36-kson-npm-josi-plan-0-0-1-package /Users/meshachjackson/.npm/josi-plan/0.0.1/package
362 silly lockFile 3263bc36-kson-npm-josi-plan-0-0-1-package /Users/meshachjackson/.npm/josi-plan/0.0.1/package
363 silly lockFile 2dab1e2f--npm-josi-plan-0-0-1-package-tgz /Users/meshachjackson/.npm/josi-plan/0.0.1/package.tgz
364 silly lockFile 2dab1e2f--npm-josi-plan-0-0-1-package-tgz /Users/meshachjackson/.npm/josi-plan/0.0.1/package.tgz
365 silly shasum updated bytes 2692
366 info shasum f98f4feeb8b814b9a8ef9a11252b99a27954f421
366 info shasum /Users/meshachjackson/.npm/josi-plan/0.0.1/package.tgz
367 verbose from cache /Users/meshachjackson/.npm/josi-plan/0.0.1/package/package.json
368 verbose chmod /Users/meshachjackson/.npm/josi-plan/0.0.1/package.tgz 644
369 verbose chown /Users/meshachjackson/.npm/josi-plan/0.0.1/package.tgz [ 501, 20 ]
370 silly lockFile cfceae5b-rg-josi-plan-josi-plan-0-0-1-tgz https://registry.npmjs.org/josi-plan/-/josi-plan-0.0.1.tgz
371 silly lockFile cfceae5b-rg-josi-plan-josi-plan-0-0-1-tgz https://registry.npmjs.org/josi-plan/-/josi-plan-0.0.1.tgz
372 silly lockFile 1fb8def0-josi-plan-0-0-1 josi-plan@0.0.1
373 silly lockFile 1fb8def0-josi-plan-0-0-1 josi-plan@0.0.1
374 verbose read json /var/folders/mw/6q6t51td66n007xq7shjy15r0000gn/T/npm-36517/1378519397159-0.33156052650883794/package/package.json
375 verbose read json /Users/meshachjackson/.npm/josi-admin/0.0.1/package/package.json
376 silly lockFile 67328bf3-7159-0-33156052650883794-package /var/folders/mw/6q6t51td66n007xq7shjy15r0000gn/T/npm-36517/1378519397159-0.33156052650883794/package
377 silly lockFile 67328bf3-7159-0-33156052650883794-package /var/folders/mw/6q6t51td66n007xq7shjy15r0000gn/T/npm-36517/1378519397159-0.33156052650883794/package
378 silly lockFile a2c7bf04-7159-0-33156052650883794-tmp-tgz /var/folders/mw/6q6t51td66n007xq7shjy15r0000gn/T/npm-36517/1378519397159-0.33156052650883794/tmp.tgz
379 silly lockFile a2c7bf04-7159-0-33156052650883794-tmp-tgz /var/folders/mw/6q6t51td66n007xq7shjy15r0000gn/T/npm-36517/1378519397159-0.33156052650883794/tmp.tgz
380 silly lockFile b4eb86ef-7166-0-33936499268747866-package /var/folders/mw/6q6t51td66n007xq7shjy15r0000gn/T/npm-36517/1378519397166-0.33936499268747866/package
381 silly lockFile b4eb86ef-7166-0-33936499268747866-package /var/folders/mw/6q6t51td66n007xq7shjy15r0000gn/T/npm-36517/1378519397166-0.33936499268747866/package
382 verbose from cache /var/folders/mw/6q6t51td66n007xq7shjy15r0000gn/T/npm-36517/1378519397159-0.33156052650883794/package/package.json
383 silly lockFile c7170cb5-pm-josi-memory-0-0-1-package-tgz /Users/meshachjackson/.npm/josi-memory/0.0.1/package.tgz
384 silly lockFile c7170cb5-pm-josi-memory-0-0-1-package-tgz /Users/meshachjackson/.npm/josi-memory/0.0.1/package.tgz
385 verbose tar pack [ '/Users/meshachjackson/.npm/josi-speech/0.0.1/package.tgz',
385 verbose tar pack   '/var/folders/mw/6q6t51td66n007xq7shjy15r0000gn/T/npm-36517/1378519397159-0.33156052650883794/package' ]
386 verbose tarball /Users/meshachjackson/.npm/josi-speech/0.0.1/package.tgz
387 verbose folder /var/folders/mw/6q6t51td66n007xq7shjy15r0000gn/T/npm-36517/1378519397159-0.33156052650883794/package
388 silly lockFile 67328bf3-7159-0-33156052650883794-package /var/folders/mw/6q6t51td66n007xq7shjy15r0000gn/T/npm-36517/1378519397159-0.33156052650883794/package
389 verbose lock /var/folders/mw/6q6t51td66n007xq7shjy15r0000gn/T/npm-36517/1378519397159-0.33156052650883794/package /Users/meshachjackson/.npm/67328bf3-7159-0-33156052650883794-package.lock
390 silly lockFile 919f027c-pm-josi-speech-0-0-1-package-tgz /Users/meshachjackson/.npm/josi-speech/0.0.1/package.tgz
391 verbose lock /Users/meshachjackson/.npm/josi-speech/0.0.1/package.tgz /Users/meshachjackson/.npm/919f027c-pm-josi-speech-0-0-1-package-tgz.lock
392 silly lockFile 82b3fd0d-on-npm-josi-memory-0-0-1-package /Users/meshachjackson/.npm/josi-memory/0.0.1/package
393 verbose lock /Users/meshachjackson/.npm/josi-memory/0.0.1/package /Users/meshachjackson/.npm/82b3fd0d-on-npm-josi-memory-0-0-1-package.lock
394 silly lockFile d04a08ee-son-npm-josi-admin-0-0-1-package /Users/meshachjackson/.npm/josi-admin/0.0.1/package
395 silly lockFile d04a08ee-son-npm-josi-admin-0-0-1-package /Users/meshachjackson/.npm/josi-admin/0.0.1/package
396 silly lockFile 1070e53a-npm-josi-admin-0-0-1-package-tgz /Users/meshachjackson/.npm/josi-admin/0.0.1/package.tgz
397 silly lockFile 1070e53a-npm-josi-admin-0-0-1-package-tgz /Users/meshachjackson/.npm/josi-admin/0.0.1/package.tgz
398 silly lockFile 82b3fd0d-on-npm-josi-memory-0-0-1-package /Users/meshachjackson/.npm/josi-memory/0.0.1/package
399 silly lockFile 82b3fd0d-on-npm-josi-memory-0-0-1-package /Users/meshachjackson/.npm/josi-memory/0.0.1/package
400 verbose tar unpack /Users/meshachjackson/.npm/josi-memory/0.0.1/package.tgz
401 silly lockFile 82b3fd0d-on-npm-josi-memory-0-0-1-package /Users/meshachjackson/.npm/josi-memory/0.0.1/package
402 verbose lock /Users/meshachjackson/.npm/josi-memory/0.0.1/package /Users/meshachjackson/.npm/82b3fd0d-on-npm-josi-memory-0-0-1-package.lock
403 silly lockFile c7170cb5-pm-josi-memory-0-0-1-package-tgz /Users/meshachjackson/.npm/josi-memory/0.0.1/package.tgz
404 verbose lock /Users/meshachjackson/.npm/josi-memory/0.0.1/package.tgz /Users/meshachjackson/.npm/c7170cb5-pm-josi-memory-0-0-1-package-tgz.lock
405 silly shasum updated bytes 3249
406 info shasum febd97ff867dae19916859b2008b1f93a47e3cb6
406 info shasum /Users/meshachjackson/.npm/josi-admin/0.0.1/package.tgz
407 verbose from cache /Users/meshachjackson/.npm/josi-admin/0.0.1/package/package.json
408 verbose chmod /Users/meshachjackson/.npm/josi-admin/0.0.1/package.tgz 644
409 verbose chown /Users/meshachjackson/.npm/josi-admin/0.0.1/package.tgz [ 501, 20 ]
410 silly lockFile bd47f876--josi-admin-josi-admin-0-0-1-tgz https://registry.npmjs.org/josi-admin/-/josi-admin-0.0.1.tgz
411 silly lockFile bd47f876--josi-admin-josi-admin-0-0-1-tgz https://registry.npmjs.org/josi-admin/-/josi-admin-0.0.1.tgz
412 silly gunzTarPerm modes [ '755', '644' ]
413 silly lockFile 4b3927ae-josi-admin-0-0-1 josi-admin@0.0.1
414 silly lockFile 4b3927ae-josi-admin-0-0-1 josi-admin@0.0.1
415 silly gunzTarPerm extractEntry package.json
416 silly gunzTarPerm extractEntry README.md
417 silly gunzTarPerm extractEntry LICENSE
418 silly gunzTarPerm extractEntry .travis.yml
419 silly gunzTarPerm extractEntry index.coffee
420 silly gunzTarPerm extractEntry script/bootstrap
421 silly gunzTarPerm extractEntry script/test
422 silly gunzTarPerm extractEntry src/hello-world.coffee
423 silly gunzTarPerm extractEntry src/mongo-brain.coffee
424 silly gunzTarPerm extractEntry src/mongolab-brain.coffee
425 silly gunzTarPerm extractEntry src/responder.coffee
426 silly gunzTarPerm extractEntry src/storage.coffee
427 silly gunzTarPerm extractEntry test/hello-world_test.coffee
428 silly lockFile 67328bf3-7159-0-33156052650883794-package /var/folders/mw/6q6t51td66n007xq7shjy15r0000gn/T/npm-36517/1378519397159-0.33156052650883794/package
429 silly lockFile 67328bf3-7159-0-33156052650883794-package /var/folders/mw/6q6t51td66n007xq7shjy15r0000gn/T/npm-36517/1378519397159-0.33156052650883794/package
430 silly lockFile 919f027c-pm-josi-speech-0-0-1-package-tgz /Users/meshachjackson/.npm/josi-speech/0.0.1/package.tgz
431 silly lockFile 919f027c-pm-josi-speech-0-0-1-package-tgz /Users/meshachjackson/.npm/josi-speech/0.0.1/package.tgz
432 silly lockFile 90a6f06f-on-npm-josi-speech-0-0-1-package /Users/meshachjackson/.npm/josi-speech/0.0.1/package
433 verbose lock /Users/meshachjackson/.npm/josi-speech/0.0.1/package /Users/meshachjackson/.npm/90a6f06f-on-npm-josi-speech-0-0-1-package.lock
434 silly lockFile 90a6f06f-on-npm-josi-speech-0-0-1-package /Users/meshachjackson/.npm/josi-speech/0.0.1/package
435 silly lockFile 90a6f06f-on-npm-josi-speech-0-0-1-package /Users/meshachjackson/.npm/josi-speech/0.0.1/package
436 verbose read json /Users/meshachjackson/.npm/josi-memory/0.0.1/package/package.json
437 verbose tar unpack /Users/meshachjackson/.npm/josi-speech/0.0.1/package.tgz
438 silly lockFile 90a6f06f-on-npm-josi-speech-0-0-1-package /Users/meshachjackson/.npm/josi-speech/0.0.1/package
439 verbose lock /Users/meshachjackson/.npm/josi-speech/0.0.1/package /Users/meshachjackson/.npm/90a6f06f-on-npm-josi-speech-0-0-1-package.lock
440 silly lockFile 919f027c-pm-josi-speech-0-0-1-package-tgz /Users/meshachjackson/.npm/josi-speech/0.0.1/package.tgz
441 verbose lock /Users/meshachjackson/.npm/josi-speech/0.0.1/package.tgz /Users/meshachjackson/.npm/919f027c-pm-josi-speech-0-0-1-package-tgz.lock
442 silly lockFile 82b3fd0d-on-npm-josi-memory-0-0-1-package /Users/meshachjackson/.npm/josi-memory/0.0.1/package
443 silly lockFile 82b3fd0d-on-npm-josi-memory-0-0-1-package /Users/meshachjackson/.npm/josi-memory/0.0.1/package
444 silly gunzTarPerm modes [ '755', '644' ]
445 silly lockFile c7170cb5-pm-josi-memory-0-0-1-package-tgz /Users/meshachjackson/.npm/josi-memory/0.0.1/package.tgz
446 silly lockFile c7170cb5-pm-josi-memory-0-0-1-package-tgz /Users/meshachjackson/.npm/josi-memory/0.0.1/package.tgz
447 silly shasum updated bytes 4570
448 info shasum c3e87b886248ebb14ea837703b119a40db35cdaa
448 info shasum /Users/meshachjackson/.npm/josi-memory/0.0.1/package.tgz
449 verbose from cache /Users/meshachjackson/.npm/josi-memory/0.0.1/package/package.json
450 verbose chmod /Users/meshachjackson/.npm/josi-memory/0.0.1/package.tgz 644
451 verbose chown /Users/meshachjackson/.npm/josi-memory/0.0.1/package.tgz [ 501, 20 ]
452 silly lockFile 00886571-osi-memory-josi-memory-0-0-1-tgz https://registry.npmjs.org/josi-memory/-/josi-memory-0.0.1.tgz
453 silly lockFile 00886571-osi-memory-josi-memory-0-0-1-tgz https://registry.npmjs.org/josi-memory/-/josi-memory-0.0.1.tgz
454 silly lockFile c4cf735b-josi-memory-0-0-1 josi-memory@0.0.1
455 silly lockFile c4cf735b-josi-memory-0-0-1 josi-memory@0.0.1
456 silly gunzTarPerm extractEntry package.json
457 silly gunzTarPerm extractEntry README.md
458 silly gunzTarPerm extractEntry LICENSE
459 silly gunzTarPerm extractEntry .travis.yml
460 silly gunzTarPerm extractEntry index.coffee
461 silly gunzTarPerm extractEntry script/bootstrap
462 silly gunzTarPerm extractEntry script/test
463 silly gunzTarPerm extractEntry src/polite.coffee
464 silly gunzTarPerm extractEntry src/announce.coffee
465 silly gunzTarPerm extractEntry src/cheer.coffee
466 silly gunzTarPerm extractEntry src/conversation.coffee
467 silly gunzTarPerm extractEntry src/josi-speech.coffee
468 silly gunzTarPerm extractEntry src/knock-knock.coffee
469 silly gunzTarPerm extractEntry src/chat.coffee
470 silly gunzTarPerm extractEntry src/quote.coffee
471 silly gunzTarPerm extractEntry src/reddit-jokes.coffee
472 silly gunzTarPerm extractEntry src/talkative.coffee
473 silly gunzTarPerm extractEntry src/tell.coffee
474 silly gunzTarPerm extractEntry src/translate.coffee
475 silly gunzTarPerm extractEntry test/josi-speech_test.coffee
476 verbose read json /Users/meshachjackson/.npm/josi-speech/0.0.1/package/package.json
477 silly lockFile 90a6f06f-on-npm-josi-speech-0-0-1-package /Users/meshachjackson/.npm/josi-speech/0.0.1/package
478 silly lockFile 90a6f06f-on-npm-josi-speech-0-0-1-package /Users/meshachjackson/.npm/josi-speech/0.0.1/package
479 silly lockFile 919f027c-pm-josi-speech-0-0-1-package-tgz /Users/meshachjackson/.npm/josi-speech/0.0.1/package.tgz
480 silly lockFile 919f027c-pm-josi-speech-0-0-1-package-tgz /Users/meshachjackson/.npm/josi-speech/0.0.1/package.tgz
481 silly shasum updated bytes 8544
482 info shasum 1f5b92d6e052f6650725ddc7a5e05b4253a4f080
482 info shasum /Users/meshachjackson/.npm/josi-speech/0.0.1/package.tgz
483 verbose from cache /Users/meshachjackson/.npm/josi-speech/0.0.1/package/package.json
484 verbose chmod /Users/meshachjackson/.npm/josi-speech/0.0.1/package.tgz 644
485 verbose chown /Users/meshachjackson/.npm/josi-speech/0.0.1/package.tgz [ 501, 20 ]
486 silly lockFile d2d34821-osi-speech-josi-speech-0-0-1-tgz https://registry.npmjs.org/josi-speech/-/josi-speech-0.0.1.tgz
487 silly lockFile d2d34821-osi-speech-josi-speech-0-0-1-tgz https://registry.npmjs.org/josi-speech/-/josi-speech-0.0.1.tgz
488 silly lockFile e14522f5-josi-speech-0-0-1 josi-speech@0.0.1
489 silly lockFile e14522f5-josi-speech-0-0-1 josi-speech@0.0.1
490 silly resolved [ { name: 'josi-plan',
490 silly resolved     description: 'Need a robot secretary? josi-plan is the manager for all things scheduling, planning, and decision-making.',
490 silly resolved     version: '0.0.1',
490 silly resolved     author: { name: 'Jolly Science' },
490 silly resolved     license: 'MIT',
490 silly resolved     keywords: [ 'hubot', 'hubot-scripts' ],
490 silly resolved     repository:
490 silly resolved      { type: 'git',
490 silly resolved        url: 'git://github.com/jollyscience/josi-plan.git' },
490 silly resolved     bugs: { url: 'https://github.com/jollyscience/josi-plan/issues' },
490 silly resolved     dependencies: { 'coffee-script': '~1.6' },
490 silly resolved     devDependencies: { mocha: '*', chai: '*', 'sinon-chai': '*', sinon: '*' },
490 silly resolved     main: 'index.coffee',
490 silly resolved     scripts: { test: 'script/test' },
490 silly resolved     readme: '### josi-plan\n\n[coming soon]\n\n\tnpm install josi-plan\n\nNeed a robot secretary? josi-plan is the manager for all things scheduling, planning, and decision-making.\n\n\t- josi-plan/\n\t\t- scripts/\n\t\t\t- workingon.coffee\t',
490 silly resolved     readmeFilename: 'README.md',
490 silly resolved     _id: 'josi-plan@0.0.1',
490 silly resolved     _from: 'josi-plan@0.0.1',
490 silly resolved     dist: { shasum: 'f98f4feeb8b814b9a8ef9a11252b99a27954f421' },
490 silly resolved     _resolved: 'https://registry.npmjs.org/josi-plan/-/josi-plan-0.0.1.tgz' },
490 silly resolved   { name: 'josi-admin',
490 silly resolved     description: 'All of the tools necessary for administering hubot via the adapter interface (HipChat, IRC) are managed in this package.',
490 silly resolved     version: '0.0.1',
490 silly resolved     author: { name: 'Tom Bell', email: 'tomb@tomb.io' },
490 silly resolved     license: 'MIT',
490 silly resolved     keywords: [ 'hubot', 'hubot-scripts' ],
490 silly resolved     repository:
490 silly resolved      { type: 'git',
490 silly resolved        url: 'git://github.com/jollyscience/josi-admin.git' },
490 silly resolved     bugs: { url: 'https://github.com/jollyscience/josi-admin/issues' },
490 silly resolved     dependencies: { 'coffee-script': '~1.6', 'hubot-cron': '*' },
490 silly resolved     devDependencies: { mocha: '*', chai: '*', 'sinon-chai': '*', sinon: '*' },
490 silly resolved     main: 'index.coffee',
490 silly resolved     scripts: { test: 'script/test' },
490 silly resolved     readme: '### josi-admin\n\n[coming soon]\n\n\tnpm install josi-admin\n\nAll of the tools necessary for administering JoSi via the adapter interface (HipChat, IRC) are managed in this package.\n\n\t- josi-admin/\n\t\t- node_modules/\n\t\t\t- josi-cron/\n\t\t- src/\t\t\n\t\t\t- help.coffee\n\t\t\t- update.coffee',
490 silly resolved     readmeFilename: 'README.md',
490 silly resolved     _id: 'josi-admin@0.0.1',
490 silly resolved     _from: 'josi-admin@0.0.1',
490 silly resolved     dist: { shasum: 'febd97ff867dae19916859b2008b1f93a47e3cb6' },
490 silly resolved     _resolved: 'https://registry.npmjs.org/josi-admin/-/josi-admin-0.0.1.tgz' },
490 silly resolved   { name: 'josi-memory',
490 silly resolved     description: 'This is where you organize and manage all of your robot\'s short and long-term memory. Whatever storage and backup plans you have for Hubot are managed here, as are any memory Models, for more complex applications.',
490 silly resolved     version: '0.0.1',
490 silly resolved     author: '',
490 silly resolved     license: 'MIT',
490 silly resolved     keywords: [ 'hubot', 'hubot-scripts' ],
490 silly resolved     repository:
490 silly resolved      { type: 'git',
490 silly resolved        url: 'git://github.com/jollyscience/josi-memory.git' },
490 silly resolved     bugs: { url: 'https://github.com/jollyscience/josi-memory/issues' },
490 silly resolved     dependencies: { 'coffee-script': '~1.6' },
490 silly resolved     devDependencies: { mocha: '*', chai: '*', 'sinon-chai': '*', sinon: '*' },
490 silly resolved     main: 'index.coffee',
490 silly resolved     scripts: { test: 'script/test' },
490 silly resolved     readme: '### josi-memory\n\n[coming soon]\n\n\tnpm install josi-memory\n\nThis is where you organize and manage all of your robot\'s short and long-term memory. Whatever storage and backup plans you have for JoSi are managed here, as are any memory Models, for more complex applications.\n\n\t- josi-memory/\n\t\t- scripts/\n\t\t\t- ',
490 silly resolved     readmeFilename: 'README.md',
490 silly resolved     _id: 'josi-memory@0.0.1',
490 silly resolved     _from: 'josi-memory@0.0.1',
490 silly resolved     dist: { shasum: 'c3e87b886248ebb14ea837703b119a40db35cdaa' },
490 silly resolved     _resolved: 'https://registry.npmjs.org/josi-memory/-/josi-memory-0.0.1.tgz' },
490 silly resolved   { name: 'josi-speech',
490 silly resolved     description: 'Natural language is a crucial part of the value and adoption of your JoSi by your team. Manage her standard responses, diction, and language here.',
490 silly resolved     version: '0.0.1',
490 silly resolved     author: { name: 'Jolly Science' },
490 silly resolved     license: 'MIT',
490 silly resolved     keywords: [ 'hubot', 'hubot-scripts' ],
490 silly resolved     repository:
490 silly resolved      { type: 'git',
490 silly resolved        url: 'git://github.com/jollyscience/josi-speech.git' },
490 silly resolved     bugs: { url: 'https://github.com/jollyscience/josi-speech/issues' },
490 silly resolved     dependencies: { 'coffee-script': '~1.6' },
490 silly resolved     devDependencies: { mocha: '*', chai: '*', 'sinon-chai': '*', sinon: '*' },
490 silly resolved     main: 'index.coffee',
490 silly resolved     scripts: { test: 'script/test' },
490 silly resolved     readme: '### josi-speech\n\n[coming soon]\n\n\tnpm install josi-speech\n\nNatural language is a crucial part of the value and adoption of your JoSi by your team. Manage her standard responses, diction, and language here.\n\n\t- josi-speech/\n\t\t- scripts/\n\t\t\t- announce.coffee\n\t\t\t- chat.coffee\n\t\t\t- cheer.coffee\n\t\t\t- conversation.coffee\n\t\t\t- error.coffee\n\t\t\t- polite.coffee\n\t\t\t- say.coffee\n\t\t\t- tell.coffee\n\t\t\t- translate.coffee',
490 silly resolved     readmeFilename: 'README.md',
490 silly resolved     _id: 'josi-speech@0.0.1',
490 silly resolved     _from: 'josi-speech@0.0.1',
490 silly resolved     dist: { shasum: '1f5b92d6e052f6650725ddc7a5e05b4253a4f080' },
490 silly resolved     _resolved: 'https://registry.npmjs.org/josi-speech/-/josi-speech-0.0.1.tgz' } ]
491 info install josi-plan@0.0.1 into /Users/meshachjackson/cita/josi
492 info install josi-admin@0.0.1 into /Users/meshachjackson/cita/josi
493 info install josi-memory@0.0.1 into /Users/meshachjackson/cita/josi
494 info install josi-speech@0.0.1 into /Users/meshachjackson/cita/josi
495 info installOne josi-plan@0.0.1
496 info installOne josi-admin@0.0.1
497 info installOne josi-memory@0.0.1
498 info installOne josi-speech@0.0.1
499 error git Appears to be a git repo or submodule.
499 error git     /Users/meshachjackson/cita/josi/node_modules/josi-admin
499 error git Refusing to remove it. Update manually,
499 error git or move it out of the way first.
500 error System Darwin 12.4.0
501 error command "/Users/meshachjackson/.nvm/v0.11.1/bin/node" "/Users/meshachjackson/.nvm/v0.11.1/bin/npm" "install"
502 error cwd /Users/meshachjackson/cita/josi
503 error node -v v0.11.1
504 error npm -v 1.2.18
505 error path /Users/meshachjackson/cita/josi/node_modules/josi-admin
506 error code EISGIT
507 verbose exit [ 1, true ]
